<?xml version="1.0" encoding="utf-8"?><testsuites><testsuite name="pytest" errors="1" failures="0" skipped="0" tests="1" time="0.310" timestamp="2024-08-05T22:14:23.753831" hostname="fedora"><testcase classname="" name="tests.test_hello" time="0.000"><error message="collection failure">ImportError while importing test module '/home/pkdeb/Desktop/WEB-PROJECTS/versevo-ai/backend/tests/test_hello.py'.
Hint: make sure your test modules/packages have valid Python names.
Traceback:
/usr/lib64/python3.12/importlib/__init__.py:90: in import_module
    return _bootstrap._gcd_import(name[level:], package, level)
tests/test_hello.py:3: in &lt;module&gt;
    from platform.hello import hello
E   ModuleNotFoundError: No module named 'platform.hello'; 'platform' is not a package</error></testcase></testsuite></testsuites>